2025-03-15 18:33:07,295 - ERROR - Request error: HTTPSConnectionPool(host='web-data-extractor.net', port=443): Read timed out. (read timeout=15)
2025-03-15 18:33:45,655 - WARNING - Elements not found: H3 (h3)
2025-03-15 18:48:04,977 - WARNING - Elements not found: H3 (h3)
2025-03-15 18:59:46,889 - WARNING - Elements not found: H3 (h3)
2025-03-15 19:01:46,632 - ERROR - No data to save. Check the target URL and selectors.
2025-03-15 19:04:07,922 - WARNING - Elements not found: H3 (h3)
2025-03-15 23:09:43,526 - ERROR - Ошибка парсинга: DynamicParser.__init__() got an unexpected keyword argument 'user_agent'
2025-03-15 23:16:42,239 - WARNING - Error sending stats to Plausible: error sending request for url (https://plausible.io/api/event)
2025-03-15 23:16:58,775 - ERROR - Dynamic parsing failed: unhashable type: 'list'
2025-03-15 23:17:00,915 - ERROR - Не удалось получить данные
2025-03-15 23:25:20,022 - ERROR - Dynamic parsing failed: unhashable type: 'list'
2025-03-15 23:25:22,169 - ERROR - Не удалось получить данные
2025-03-15 23:29:25,208 - INFO - ====== WebDriver manager ======
2025-03-15 23:29:26,361 - INFO - Get LATEST chromedriver version for google-chrome
2025-03-15 23:29:26,743 - INFO - Get LATEST chromedriver version for google-chrome
2025-03-15 23:29:27,187 - INFO - There is no [win64] chromedriver "134.0.6998.88" for browser google-chrome "134.0.6998" in cache
2025-03-15 23:29:27,187 - INFO - Get LATEST chromedriver version for google-chrome
2025-03-15 23:29:28,199 - INFO - WebDriver version 134.0.6998.88 selected
2025-03-15 23:29:28,203 - INFO - Modern chrome version https://storage.googleapis.com/chrome-for-testing-public/134.0.6998.88/win32/chromedriver-win32.zip
2025-03-15 23:29:28,203 - INFO - About to download new driver from https://storage.googleapis.com/chrome-for-testing-public/134.0.6998.88/win32/chromedriver-win32.zip
2025-03-15 23:29:39,740 - INFO - Driver downloading response is 200
2025-03-15 23:29:41,305 - INFO - Get LATEST chromedriver version for google-chrome
2025-03-15 23:29:41,777 - INFO - Driver has been saved in cache [C:\Users\ramil\.wdm\drivers\chromedriver\win64\134.0.6998.88]
2025-03-15 23:29:48,881 - ERROR - Dynamic parsing failed: unhashable type: 'list'
2025-03-15 23:29:51,021 - ERROR - Не удалось получить данные
2025-03-15 23:34:26,186 - INFO - ====== WebDriver manager ======
2025-03-15 23:34:27,192 - INFO - Get LATEST chromedriver version for google-chrome
2025-03-15 23:34:27,503 - INFO - Get LATEST chromedriver version for google-chrome
2025-03-15 23:34:27,777 - INFO - Driver [C:\Users\ramil\.wdm\drivers\chromedriver\win64\134.0.6998.88\chromedriver-win32/chromedriver.exe] found in cache
2025-03-15 23:34:41,929 - ERROR - Dynamic parsing failed: unhashable type: 'list'
2025-03-15 23:34:44,065 - ERROR - Не удалось получить данные
2025-03-15 23:40:55,870 - INFO - ====== WebDriver manager ======
2025-03-15 23:40:56,861 - INFO - Get LATEST chromedriver version for google-chrome
2025-03-15 23:40:57,270 - INFO - Get LATEST chromedriver version for google-chrome
2025-03-15 23:40:57,566 - INFO - Driver [C:\Users\ramil\.wdm\drivers\chromedriver\win64\134.0.6998.88\chromedriver-win32/chromedriver.exe] found in cache
2025-03-15 23:41:15,470 - ERROR - Dynamic parsing failed: unhashable type: 'list'
2025-03-15 23:41:17,632 - ERROR - Не удалось получить данные
2025-03-15 23:41:44,627 - INFO - ====== WebDriver manager ======
2025-03-15 23:41:45,704 - INFO - Get LATEST chromedriver version for google-chrome
2025-03-15 23:41:46,110 - INFO - Get LATEST chromedriver version for google-chrome
2025-03-15 23:41:46,385 - INFO - Driver [C:\Users\ramil\.wdm\drivers\chromedriver\win64\134.0.6998.88\chromedriver-win32/chromedriver.exe] found in cache
2025-03-15 23:41:53,719 - ERROR - Dynamic parsing failed: unhashable type: 'list'
2025-03-15 23:41:55,851 - ERROR - Не удалось получить данные
2025-03-15 23:43:04,589 - INFO - ====== WebDriver manager ======
2025-03-15 23:43:05,622 - INFO - Get LATEST chromedriver version for google-chrome
2025-03-15 23:43:05,769 - INFO - Get LATEST chromedriver version for google-chrome
2025-03-15 23:43:05,854 - INFO - Driver [C:\Users\ramil\.wdm\drivers\chromedriver\win64\134.0.6998.88\chromedriver-win32/chromedriver.exe] found in cache
2025-03-15 23:43:10,905 - ERROR - Dynamic parsing failed: unhashable type: 'list'
2025-03-15 23:43:13,046 - ERROR - Не удалось получить данные
2025-03-15 23:47:25,143 - INFO - ====== WebDriver manager ======
2025-03-15 23:47:26,125 - INFO - Get LATEST chromedriver version for google-chrome
2025-03-15 23:47:26,211 - INFO - Get LATEST chromedriver version for google-chrome
2025-03-15 23:47:26,355 - INFO - Driver [C:\Users\ramil\.wdm\drivers\chromedriver\win64\134.0.6998.88\chromedriver-win32/chromedriver.exe] found in cache
2025-03-15 23:47:32,278 - ERROR - Dynamic parsing failed: unhashable type: 'list'
2025-03-15 23:47:34,411 - ERROR - Не удалось получить данные
2025-03-15 23:51:22,274 - INFO - ====== WebDriver manager ======
2025-03-15 23:51:23,272 - INFO - Get LATEST chromedriver version for google-chrome
2025-03-15 23:51:23,425 - INFO - Get LATEST chromedriver version for google-chrome
2025-03-15 23:51:23,570 - INFO - Driver [C:\Users\ramil\.wdm\drivers\chromedriver\win64\134.0.6998.88\chromedriver-win32/chromedriver.exe] found in cache
2025-03-15 23:51:30,317 - ERROR - Dynamic parsing failed: unhashable type: 'list'
2025-03-15 23:51:32,471 - ERROR - Не удалось получить данные
2025-03-15 23:55:03,796 - INFO - ====== WebDriver manager ======
2025-03-15 23:55:04,788 - INFO - Get LATEST chromedriver version for google-chrome
2025-03-15 23:55:04,875 - INFO - Get LATEST chromedriver version for google-chrome
2025-03-15 23:55:04,984 - INFO - Driver [C:\Users\ramil\.wdm\drivers\chromedriver\win64\134.0.6998.88\chromedriver-win32/chromedriver.exe] found in cache
2025-03-15 23:55:12,348 - ERROR - Dynamic parsing failed: Invalid character '@' position 3
  line 1:
img@src
   ^
2025-03-15 23:55:14,501 - ERROR - Не удалось получить данные
2025-03-15 23:55:41,741 - ERROR - Ошибка парсинга: SEOParser.__init__() missing 2 required positional arguments: 'base_url' and 'selectors'
2025-03-15 23:56:18,574 - ERROR - Ошибка парсинга: SEOParser.__init__() missing 2 required positional arguments: 'base_url' and 'selectors'
2025-03-16 00:01:20,570 - ERROR - Static parsing failed: Invalid character '@' position 3
  line 1:
img@src
   ^
2025-03-16 00:03:04,672 - INFO - ====== WebDriver manager ======
2025-03-16 00:03:05,661 - INFO - Get LATEST chromedriver version for google-chrome
2025-03-16 00:03:05,765 - INFO - Get LATEST chromedriver version for google-chrome
2025-03-16 00:03:05,850 - INFO - Get LATEST chromedriver version for google-chrome
2025-03-16 00:03:06,109 - INFO - WebDriver version 134.0.6998.88 selected
2025-03-16 00:03:06,113 - INFO - Modern chrome version https://storage.googleapis.com/chrome-for-testing-public/134.0.6998.88/win32/chromedriver-win32.zip
2025-03-16 00:03:06,113 - INFO - About to download new driver from https://storage.googleapis.com/chrome-for-testing-public/134.0.6998.88/win32/chromedriver-win32.zip
2025-03-16 00:03:06,278 - INFO - Driver downloading response is 200
2025-03-16 00:03:07,324 - INFO - Get LATEST chromedriver version for google-chrome
2025-03-16 00:03:07,621 - INFO - Driver has been saved in cache [C:\Users\ramil\.wdm\drivers\chromedriver\win64\134.0.6998.88]
2025-03-16 00:03:14,802 - ERROR - Dynamic parsing failed: unhashable type: 'list'
2025-03-16 00:04:03,393 - INFO - ====== WebDriver manager ======
2025-03-16 00:04:04,371 - INFO - Get LATEST chromedriver version for google-chrome
2025-03-16 00:04:04,524 - INFO - Get LATEST chromedriver version for google-chrome
2025-03-16 00:04:04,680 - INFO - Driver [C:\Users\ramil\.wdm\drivers\chromedriver\win64\134.0.6998.88\chromedriver-win32/chromedriver.exe] found in cache
2025-03-16 00:04:11,304 - ERROR - Dynamic parsing failed: unhashable type: 'list'
2025-03-16 00:08:46,854 - INFO - Данные сохранены в: outputs\seo_20250316_000846.csv
2025-03-16 00:11:11,305 - INFO - ====== WebDriver manager ======
2025-03-16 00:11:12,316 - INFO - Get LATEST chromedriver version for google-chrome
2025-03-16 00:11:12,402 - INFO - Get LATEST chromedriver version for google-chrome
2025-03-16 00:11:12,488 - INFO - Driver [C:\Users\ramil\.wdm\drivers\chromedriver\win64\134.0.6998.88\chromedriver-win32/chromedriver.exe] found in cache
2025-03-16 00:11:22,327 - INFO - Данные сохранены в: outputs\seo_20250316_001122.csv
